[2023-11-29 11:54:39] asus.ERROR: SQLSTATE[HY000] [2002] A socket operation was attempted to an unreachable network.
 {"exception":"[object] (PDOException(code: 2002): SQLSTATE[HY000] [2002] A socket operation was attempted to an unreachable network.
 at F:\\wardha\\Sawangi_Biller_Backend\\vendor\\laravel\\framework\\src\\Illuminate\\Database\\Connectors\\Connector.php:70)
[stacktrace]
#0 F:\\wardha\\Sawangi_Biller_Backend\\vendor\\laravel\\framework\\src\\Illuminate\\Database\\Connectors\\Connector.php(70): PDO->__construct('mysql:host=148....', 'sawangibiller', 'sawangibiller@1...', Array)
#1 F:\\wardha\\Sawangi_Biller_Backend\\vendor\\laravel\\framework\\src\\Illuminate\\Database\\Connectors\\Connector.php(46): Illuminate\\Database\\Connectors\\Connector->createPdoConnection('mysql:host=148....', 'sawangibiller', 'sawangibiller@1...', Array)
#2 F:\\wardha\\Sawangi_Biller_Backend\\vendor\\laravel\\framework\\src\\Illuminate\\Database\\Connectors\\MySqlConnector.php(24): Illuminate\\Database\\Connectors\\Connector->createConnection('mysql:host=148....', Array, Array)
#3 F:\\wardha\\Sawangi_Biller_Backend\\vendor\\laravel\\framework\\src\\Illuminate\\Database\\Connectors\\ConnectionFactory.php(182): Illuminate\\Database\\Connectors\\MySqlConnector->connect(Array)
#4 [internal function]: Illuminate\\Database\\Connectors\\ConnectionFactory->Illuminate\\Database\\Connectors\\{closure}()
#5 F:\\wardha\\Sawangi_Biller_Backend\\vendor\\laravel\\framework\\src\\Illuminate\\Database\\Connection.php(919): call_user_func(Object(Closure))
#6 F:\\wardha\\Sawangi_Biller_Backend\\vendor\\laravel\\framework\\src\\Illuminate\\Database\\DatabaseManager.php(259): Illuminate\\Database\\Connection->getPdo()
#7 F:\\wardha\\Sawangi_Biller_Backend\\vendor\\laravel\\framework\\src\\Illuminate\\Database\\DatabaseManager.php(245): Illuminate\\Database\\DatabaseManager->refreshPdoConnections('mysql')
#8 F:\\wardha\\Sawangi_Biller_Backend\\vendor\\laravel\\framework\\src\\Illuminate\\Database\\DatabaseManager.php(65): Illuminate\\Database\\DatabaseManager->reconnect('mysql')
#9 [internal function]: Illuminate\\Database\\DatabaseManager->Illuminate\\Database\\{closure}(Object(Illuminate\\Database\\MySqlConnection))
#10 F:\\wardha\\Sawangi_Biller_Backend\\vendor\\laravel\\framework\\src\\Illuminate\\Database\\Connection.php(756): call_user_func(Object(Closure), Object(Illuminate\\Database\\MySqlConnection))
#11 F:\\wardha\\Sawangi_Biller_Backend\\vendor\\laravel\\framework\\src\\Illuminate\\Database\\Connection.php(736): Illuminate\\Database\\Connection->reconnect()
#12 F:\\wardha\\Sawangi_Biller_Backend\\vendor\\laravel\\framework\\src\\Illuminate\\Database\\Connection.php(718): Illuminate\\Database\\Connection->tryAgainIfCausedByLostConnection(Object(Illuminate\\Database\\QueryException), 'SELECT\
      q2...', Array, Object(Closure))
#13 F:\\wardha\\Sawangi_Biller_Backend\\vendor\\laravel\\framework\\src\\Illuminate\\Database\\Connection.php(627): Illuminate\\Database\\Connection->handleQueryException(Object(Illuminate\\Database\\QueryException), 'SELECT\
      q2...', Array, Object(Closure))
#14 F:\\wardha\\Sawangi_Biller_Backend\\vendor\\laravel\\framework\\src\\Illuminate\\Database\\Connection.php(333): Illuminate\\Database\\Connection->run('SELECT\
      q2...', Array, Object(Closure))
#15 F:\\wardha\\Sawangi_Biller_Backend\\vendor\\laravel\\framework\\src\\Illuminate\\Database\\DatabaseManager.php(349): Illuminate\\Database\\Connection->select('SELECT\
      q2...', Array)
#16 F:\\wardha\\Sawangi_Biller_Backend\\vendor\\laravel\\framework\\src\\Illuminate\\Support\\Facades\\Facade.php(239): Illuminate\\Database\\DatabaseManager->__call('select', Array)
#17 F:\\wardha\\Sawangi_Biller_Backend\\app\\Http\\Controllers\\Hourly_Graph_Controller.php(62): Illuminate\\Support\\Facades\\Facade::__callStatic('select', Array)
#18 [internal function]: App\\Http\\Controllers\\Hourly_Graph_Controller->hourly_graph('2023-11-28', 'Indira2', '31')
#19 F:\\wardha\\Sawangi_Biller_Backend\\vendor\\laravel\\framework\\src\\Illuminate\\Routing\\Controller.php(54): call_user_func_array(Array, Array)
#20 F:\\wardha\\Sawangi_Biller_Backend\\vendor\\laravel\\framework\\src\\Illuminate\\Routing\\ControllerDispatcher.php(45): Illuminate\\Routing\\Controller->callAction('hourly_graph', Array)
#21 F:\\wardha\\Sawangi_Biller_Backend\\vendor\\laravel\\framework\\src\\Illuminate\\Routing\\Route.php(219): Illuminate\\Routing\\ControllerDispatcher->dispatch(Object(Illuminate\\Routing\\Route), Object(App\\Http\\Controllers\\Hourly_Graph_Controller), 'hourly_graph')
#22 F:\\wardha\\Sawangi_Biller_Backend\\vendor\\laravel\\framework\\src\\Illuminate\\Routing\\Route.php(176): Illuminate\\Routing\\Route->runController()
#23 F:\\wardha\\Sawangi_Biller_Backend\\vendor\\laravel\\framework\\src\\Illuminate\\Routing\\Router.php(680): Illuminate\\Routing\\Route->run()
#24 F:\\wardha\\Sawangi_Biller_Backend\\vendor\\laravel\\framework\\src\\Illuminate\\Routing\\Pipeline.php(30): Illuminate\\Routing\\Router->Illuminate\\Routing\\{closure}(Object(Illuminate\\Http\\Request))
#25 F:\\wardha\\Sawangi_Biller_Backend\\vendor\\laravel\\framework\\src\\Illuminate\\Routing\\Middleware\\SubstituteBindings.php(41): Illuminate\\Routing\\Pipeline->Illuminate\\Routing\\{closure}(Object(Illuminate\\Http\\Request))
#26 F:\\wardha\\Sawangi_Biller_Backend\\vendor\\laravel\\framework\\src\\Illuminate\\Pipeline\\Pipeline.php(163): Illuminate\\Routing\\Middleware\\SubstituteBindings->handle(Object(Illuminate\\Http\\Request), Object(Closure))
#27 F:\\wardha\\Sawangi_Biller_Backend\\vendor\\laravel\\framework\\src\\Illuminate\\Routing\\Pipeline.php(53): Illuminate\\Pipeline\\Pipeline->Illuminate\\Pipeline\\{closure}(Object(Illuminate\\Http\\Request))
#28 F:\\wardha\\Sawangi_Biller_Backend\\vendor\\laravel\\framework\\src\\Illuminate\\Routing\\Middleware\\ThrottleRequests.php(58): Illuminate\\Routing\\Pipeline->Illuminate\\Routing\\{closure}(Object(Illuminate\\Http\\Request))
#29 F:\\wardha\\Sawangi_Biller_Backend\\vendor\\laravel\\framework\\src\\Illuminate\\Pipeline\\Pipeline.php(163): Illuminate\\Routing\\Middleware\\ThrottleRequests->handle(Object(Illuminate\\Http\\Request), Object(Closure), 60, '1')
#30 F:\\wardha\\Sawangi_Biller_Backend\\vendor\\laravel\\framework\\src\\Illuminate\\Routing\\Pipeline.php(53): Illuminate\\Pipeline\\Pipeline->Illuminate\\Pipeline\\{closure}(Object(Illuminate\\Http\\Request))
#31 F:\\wardha\\Sawangi_Biller_Backend\\vendor\\laravel\\framework\\src\\Illuminate\\Pipeline\\Pipeline.php(104): Illuminate\\Routing\\Pipeline->Illuminate\\Routing\\{closure}(Object(Illuminate\\Http\\Request))
#32 F:\\wardha\\Sawangi_Biller_Backend\\vendor\\laravel\\framework\\src\\Illuminate\\Routing\\Router.php(682): Illuminate\\Pipeline\\Pipeline->then(Object(Closure))
#33 F:\\wardha\\Sawangi_Biller_Backend\\vendor\\laravel\\framework\\src\\Illuminate\\Routing\\Router.php(657): Illuminate\\Routing\\Router->runRouteWithinStack(Object(Illuminate\\Routing\\Route), Object(Illuminate\\Http\\Request))
#34 F:\\wardha\\Sawangi_Biller_Backend\\vendor\\laravel\\framework\\src\\Illuminate\\Routing\\Router.php(623): Illuminate\\Routing\\Router->runRoute(Object(Illuminate\\Http\\Request), Object(Illuminate\\Routing\\Route))
#35 F:\\wardha\\Sawangi_Biller_Backend\\vendor\\laravel\\framework\\src\\Illuminate\\Routing\\Router.php(612): Illuminate\\Routing\\Router->dispatchToRoute(Object(Illuminate\\Http\\Request))
#36 F:\\wardha\\Sawangi_Biller_Backend\\vendor\\laravel\\framework\\src\\Illuminate\\Foundation\\Http\\Kernel.php(176): Illuminate\\Routing\\Router->dispatch(Object(Illuminate\\Http\\Request))
#37 F:\\wardha\\Sawangi_Biller_Backend\\vendor\\laravel\\framework\\src\\Illuminate\\Routing\\Pipeline.php(30): Illuminate\\Foundation\\Http\\Kernel->Illuminate\\Foundation\\Http\\{closure}(Object(Illuminate\\Http\\Request))
#38 F:\\wardha\\Sawangi_Biller_Backend\\app\\Http\\Middleware\\CORS.php(20): Illuminate\\Routing\\Pipeline->Illuminate\\Routing\\{closure}(Object(Illuminate\\Http\\Request))
#39 F:\\wardha\\Sawangi_Biller_Backend\\vendor\\laravel\\framework\\src\\Illuminate\\Pipeline\\Pipeline.php(163): App\\Http\\Middleware\\CORS->handle(Object(Illuminate\\Http\\Request), Object(Closure))
#40 F:\\wardha\\Sawangi_Biller_Backend\\vendor\\laravel\\framework\\src\\Illuminate\\Routing\\Pipeline.php(53): Illuminate\\Pipeline\\Pipeline->Illuminate\\Pipeline\\{closure}(Object(Illuminate\\Http\\Request))
#41 F:\\wardha\\Sawangi_Biller_Backend\\vendor\\fideloper\\proxy\\src\\TrustProxies.php(57): Illuminate\\Routing\\Pipeline->Illuminate\\Routing\\{closure}(Object(Illuminate\\Http\\Request))
#42 F:\\wardha\\Sawangi_Biller_Backend\\vendor\\laravel\\framework\\src\\Illuminate\\Pipeline\\Pipeline.php(163): Fideloper\\Proxy\\TrustProxies->handle(Object(Illuminate\\Http\\Request), Object(Closure))
#43 F:\\wardha\\Sawangi_Biller_Backend\\vendor\\laravel\\framework\\src\\Illuminate\\Routing\\Pipeline.php(53): Illuminate\\Pipeline\\Pipeline->Illuminate\\Pipeline\\{closure}(Object(Illuminate\\Http\\Request))
#44 F:\\wardha\\Sawangi_Biller_Backend\\vendor\\laravel\\framework\\src\\Illuminate\\Foundation\\Http\\Middleware\\TransformsRequest.php(21): Illuminate\\Routing\\Pipeline->Illuminate\\Routing\\{closure}(Object(Illuminate\\Http\\Request))
#45 F:\\wardha\\Sawangi_Biller_Backend\\vendor\\laravel\\framework\\src\\Illuminate\\Pipeline\\Pipeline.php(163): Illuminate\\Foundation\\Http\\Middleware\\TransformsRequest->handle(Object(Illuminate\\Http\\Request), Object(Closure))
#46 F:\\wardha\\Sawangi_Biller_Backend\\vendor\\laravel\\framework\\src\\Illuminate\\Routing\\Pipeline.php(53): Illuminate\\Pipeline\\Pipeline->Illuminate\\Pipeline\\{closure}(Object(Illuminate\\Http\\Request))
#47 F:\\wardha\\Sawangi_Biller_Backend\\vendor\\laravel\\framework\\src\\Illuminate\\Foundation\\Http\\Middleware\\TransformsRequest.php(21): Illuminate\\Routing\\Pipeline->Illuminate\\Routing\\{closure}(Object(Illuminate\\Http\\Request))
#48 F:\\wardha\\Sawangi_Biller_Backend\\vendor\\laravel\\framework\\src\\Illuminate\\Pipeline\\Pipeline.php(163): Illuminate\\Foundation\\Http\\Middleware\\TransformsRequest->handle(Object(Illuminate\\Http\\Request), Object(Closure))
#49 F:\\wardha\\Sawangi_Biller_Backend\\vendor\\laravel\\framework\\src\\Illuminate\\Routing\\Pipeline.php(53): Illuminate\\Pipeline\\Pipeline->Illuminate\\Pipeline\\{closure}(Object(Illuminate\\Http\\Request))
#50 F:\\wardha\\Sawangi_Biller_Backend\\vendor\\laravel\\framework\\src\\Illuminate\\Foundation\\Http\\Middleware\\ValidatePostSize.php(27): Illuminate\\Routing\\Pipeline->Illuminate\\Routing\\{closure}(Object(Illuminate\\Http\\Request))
#51 F:\\wardha\\Sawangi_Biller_Backend\\vendor\\laravel\\framework\\src\\Illuminate\\Pipeline\\Pipeline.php(163): Illuminate\\Foundation\\Http\\Middleware\\ValidatePostSize->handle(Object(Illuminate\\Http\\Request), Object(Closure))
#52 F:\\wardha\\Sawangi_Biller_Backend\\vendor\\laravel\\framework\\src\\Illuminate\\Routing\\Pipeline.php(53): Illuminate\\Pipeline\\Pipeline->Illuminate\\Pipeline\\{closure}(Object(Illuminate\\Http\\Request))
#53 F:\\wardha\\Sawangi_Biller_Backend\\vendor\\laravel\\framework\\src\\Illuminate\\Foundation\\Http\\Middleware\\CheckForMaintenanceMode.php(62): Illuminate\\Routing\\Pipeline->Illuminate\\Routing\\{closure}(Object(Illuminate\\Http\\Request))
#54 F:\\wardha\\Sawangi_Biller_Backend\\vendor\\laravel\\framework\\src\\Illuminate\\Pipeline\\Pipeline.php(163): Illuminate\\Foundation\\Http\\Middleware\\CheckForMaintenanceMode->handle(Object(Illuminate\\Http\\Request), Object(Closure))
#55 F:\\wardha\\Sawangi_Biller_Backend\\vendor\\laravel\\framework\\src\\Illuminate\\Routing\\Pipeline.php(53): Illuminate\\Pipeline\\Pipeline->Illuminate\\Pipeline\\{closure}(Object(Illuminate\\Http\\Request))
#56 F:\\wardha\\Sawangi_Biller_Backend\\vendor\\laravel\\framework\\src\\Illuminate\\Pipeline\\Pipeline.php(104): Illuminate\\Routing\\Pipeline->Illuminate\\Routing\\{closure}(Object(Illuminate\\Http\\Request))
#57 F:\\wardha\\Sawangi_Biller_Backend\\vendor\\laravel\\framework\\src\\Illuminate\\Foundation\\Http\\Kernel.php(151): Illuminate\\Pipeline\\Pipeline->then(Object(Closure))
#58 F:\\wardha\\Sawangi_Biller_Backend\\vendor\\laravel\\framework\\src\\Illuminate\\Foundation\\Http\\Kernel.php(116): Illuminate\\Foundation\\Http\\Kernel->sendRequestThroughRouter(Object(Illuminate\\Http\\Request))
#59 F:\\wardha\\Sawangi_Biller_Backend\\public\\index.php(52): Illuminate\\Foundation\\Http\\Kernel->handle(Object(Illuminate\\Http\\Request))
#60 F:\\wardha\\Sawangi_Biller_Backend\\server.php(21): require_once('F:\\\\wardha\\\\Sawan...')
#61 {main}
"} 
[2023-11-29 11:56:50] asus.ERROR: SQLSTATE[HY000] [2002] A socket operation was attempted to an unreachable network.
 {"exception":"[object] (PDOException(code: 2002): SQLSTATE[HY000] [2002] A socket operation was attempted to an unreachable network.
 at F:\\wardha\\Sawangi_Biller_Backend\\vendor\\laravel\\framework\\src\\Illuminate\\Database\\Connectors\\Connector.php:70)
[stacktrace]
#0 F:\\wardha\\Sawangi_Biller_Backend\\vendor\\laravel\\framework\\src\\Illuminate\\Database\\Connectors\\Connector.php(70): PDO->__construct('mysql:host=148....', 'sawangibiller', 'sawangibiller@1...', Array)
#1 F:\\wardha\\Sawangi_Biller_Backend\\vendor\\laravel\\framework\\src\\Illuminate\\Database\\Connectors\\Connector.php(46): Illuminate\\Database\\Connectors\\Connector->createPdoConnection('mysql:host=148....', 'sawangibiller', 'sawangibiller@1...', Array)
#2 F:\\wardha\\Sawangi_Biller_Backend\\vendor\\laravel\\framework\\src\\Illuminate\\Database\\Connectors\\MySqlConnector.php(24): Illuminate\\Database\\Connectors\\Connector->createConnection('mysql:host=148....', Array, Array)
#3 F:\\wardha\\Sawangi_Biller_Backend\\vendor\\laravel\\framework\\src\\Illuminate\\Database\\Connectors\\ConnectionFactory.php(182): Illuminate\\Database\\Connectors\\MySqlConnector->connect(Array)
#4 [internal function]: Illuminate\\Database\\Connectors\\ConnectionFactory->Illuminate\\Database\\Connectors\\{closure}()
#5 F:\\wardha\\Sawangi_Biller_Backend\\vendor\\laravel\\framework\\src\\Illuminate\\Database\\Connection.php(919): call_user_func(Object(Closure))
#6 F:\\wardha\\Sawangi_Biller_Backend\\vendor\\laravel\\framework\\src\\Illuminate\\Database\\DatabaseManager.php(259): Illuminate\\Database\\Connection->getPdo()
#7 F:\\wardha\\Sawangi_Biller_Backend\\vendor\\laravel\\framework\\src\\Illuminate\\Database\\DatabaseManager.php(245): Illuminate\\Database\\DatabaseManager->refreshPdoConnections('mysql')
#8 F:\\wardha\\Sawangi_Biller_Backend\\vendor\\laravel\\framework\\src\\Illuminate\\Database\\DatabaseManager.php(65): Illuminate\\Database\\DatabaseManager->reconnect('mysql')
#9 [internal function]: Illuminate\\Database\\DatabaseManager->Illuminate\\Database\\{closure}(Object(Illuminate\\Database\\MySqlConnection))
#10 F:\\wardha\\Sawangi_Biller_Backend\\vendor\\laravel\\framework\\src\\Illuminate\\Database\\Connection.php(756): call_user_func(Object(Closure), Object(Illuminate\\Database\\MySqlConnection))
#11 F:\\wardha\\Sawangi_Biller_Backend\\vendor\\laravel\\framework\\src\\Illuminate\\Database\\Connection.php(736): Illuminate\\Database\\Connection->reconnect()
#12 F:\\wardha\\Sawangi_Biller_Backend\\vendor\\laravel\\framework\\src\\Illuminate\\Database\\Connection.php(718): Illuminate\\Database\\Connection->tryAgainIfCausedByLostConnection(Object(Illuminate\\Database\\QueryException), 'SELECT\
      q2...', Array, Object(Closure))
#13 F:\\wardha\\Sawangi_Biller_Backend\\vendor\\laravel\\framework\\src\\Illuminate\\Database\\Connection.php(627): Illuminate\\Database\\Connection->handleQueryException(Object(Illuminate\\Database\\QueryException), 'SELECT\
      q2...', Array, Object(Closure))
#14 F:\\wardha\\Sawangi_Biller_Backend\\vendor\\laravel\\framework\\src\\Illuminate\\Database\\Connection.php(333): Illuminate\\Database\\Connection->run('SELECT\
      q2...', Array, Object(Closure))
#15 F:\\wardha\\Sawangi_Biller_Backend\\vendor\\laravel\\framework\\src\\Illuminate\\Database\\DatabaseManager.php(349): Illuminate\\Database\\Connection->select('SELECT\
      q2...', Array)
#16 F:\\wardha\\Sawangi_Biller_Backend\\vendor\\laravel\\framework\\src\\Illuminate\\Support\\Facades\\Facade.php(239): Illuminate\\Database\\DatabaseManager->__call('select', Array)
#17 F:\\wardha\\Sawangi_Biller_Backend\\app\\Http\\Controllers\\Hourly_Graph_Controller.php(62): Illuminate\\Support\\Facades\\Facade::__callStatic('select', Array)
#18 [internal function]: App\\Http\\Controllers\\Hourly_Graph_Controller->hourly_graph('2023-11-28', 'Indira2', '10')
#19 F:\\wardha\\Sawangi_Biller_Backend\\vendor\\laravel\\framework\\src\\Illuminate\\Routing\\Controller.php(54): call_user_func_array(Array, Array)
#20 F:\\wardha\\Sawangi_Biller_Backend\\vendor\\laravel\\framework\\src\\Illuminate\\Routing\\ControllerDispatcher.php(45): Illuminate\\Routing\\Controller->callAction('hourly_graph', Array)
#21 F:\\wardha\\Sawangi_Biller_Backend\\vendor\\laravel\\framework\\src\\Illuminate\\Routing\\Route.php(219): Illuminate\\Routing\\ControllerDispatcher->dispatch(Object(Illuminate\\Routing\\Route), Object(App\\Http\\Controllers\\Hourly_Graph_Controller), 'hourly_graph')
#22 F:\\wardha\\Sawangi_Biller_Backend\\vendor\\laravel\\framework\\src\\Illuminate\\Routing\\Route.php(176): Illuminate\\Routing\\Route->runController()
#23 F:\\wardha\\Sawangi_Biller_Backend\\vendor\\laravel\\framework\\src\\Illuminate\\Routing\\Router.php(680): Illuminate\\Routing\\Route->run()
#24 F:\\wardha\\Sawangi_Biller_Backend\\vendor\\laravel\\framework\\src\\Illuminate\\Routing\\Pipeline.php(30): Illuminate\\Routing\\Router->Illuminate\\Routing\\{closure}(Object(Illuminate\\Http\\Request))
#25 F:\\wardha\\Sawangi_Biller_Backend\\vendor\\laravel\\framework\\src\\Illuminate\\Routing\\Middleware\\SubstituteBindings.php(41): Illuminate\\Routing\\Pipeline->Illuminate\\Routing\\{closure}(Object(Illuminate\\Http\\Request))
#26 F:\\wardha\\Sawangi_Biller_Backend\\vendor\\laravel\\framework\\src\\Illuminate\\Pipeline\\Pipeline.php(163): Illuminate\\Routing\\Middleware\\SubstituteBindings->handle(Object(Illuminate\\Http\\Request), Object(Closure))
#27 F:\\wardha\\Sawangi_Biller_Backend\\vendor\\laravel\\framework\\src\\Illuminate\\Routing\\Pipeline.php(53): Illuminate\\Pipeline\\Pipeline->Illuminate\\Pipeline\\{closure}(Object(Illuminate\\Http\\Request))
#28 F:\\wardha\\Sawangi_Biller_Backend\\vendor\\laravel\\framework\\src\\Illuminate\\Routing\\Middleware\\ThrottleRequests.php(58): Illuminate\\Routing\\Pipeline->Illuminate\\Routing\\{closure}(Object(Illuminate\\Http\\Request))
#29 F:\\wardha\\Sawangi_Biller_Backend\\vendor\\laravel\\framework\\src\\Illuminate\\Pipeline\\Pipeline.php(163): Illuminate\\Routing\\Middleware\\ThrottleRequests->handle(Object(Illuminate\\Http\\Request), Object(Closure), 60, '1')
#30 F:\\wardha\\Sawangi_Biller_Backend\\vendor\\laravel\\framework\\src\\Illuminate\\Routing\\Pipeline.php(53): Illuminate\\Pipeline\\Pipeline->Illuminate\\Pipeline\\{closure}(Object(Illuminate\\Http\\Request))
#31 F:\\wardha\\Sawangi_Biller_Backend\\vendor\\laravel\\framework\\src\\Illuminate\\Pipeline\\Pipeline.php(104): Illuminate\\Routing\\Pipeline->Illuminate\\Routing\\{closure}(Object(Illuminate\\Http\\Request))
#32 F:\\wardha\\Sawangi_Biller_Backend\\vendor\\laravel\\framework\\src\\Illuminate\\Routing\\Router.php(682): Illuminate\\Pipeline\\Pipeline->then(Object(Closure))
#33 F:\\wardha\\Sawangi_Biller_Backend\\vendor\\laravel\\framework\\src\\Illuminate\\Routing\\Router.php(657): Illuminate\\Routing\\Router->runRouteWithinStack(Object(Illuminate\\Routing\\Route), Object(Illuminate\\Http\\Request))
#34 F:\\wardha\\Sawangi_Biller_Backend\\vendor\\laravel\\framework\\src\\Illuminate\\Routing\\Router.php(623): Illuminate\\Routing\\Router->runRoute(Object(Illuminate\\Http\\Request), Object(Illuminate\\Routing\\Route))
#35 F:\\wardha\\Sawangi_Biller_Backend\\vendor\\laravel\\framework\\src\\Illuminate\\Routing\\Router.php(612): Illuminate\\Routing\\Router->dispatchToRoute(Object(Illuminate\\Http\\Request))
#36 F:\\wardha\\Sawangi_Biller_Backend\\vendor\\laravel\\framework\\src\\Illuminate\\Foundation\\Http\\Kernel.php(176): Illuminate\\Routing\\Router->dispatch(Object(Illuminate\\Http\\Request))
#37 F:\\wardha\\Sawangi_Biller_Backend\\vendor\\laravel\\framework\\src\\Illuminate\\Routing\\Pipeline.php(30): Illuminate\\Foundation\\Http\\Kernel->Illuminate\\Foundation\\Http\\{closure}(Object(Illuminate\\Http\\Request))
#38 F:\\wardha\\Sawangi_Biller_Backend\\app\\Http\\Middleware\\CORS.php(20): Illuminate\\Routing\\Pipeline->Illuminate\\Routing\\{closure}(Object(Illuminate\\Http\\Request))
#39 F:\\wardha\\Sawangi_Biller_Backend\\vendor\\laravel\\framework\\src\\Illuminate\\Pipeline\\Pipeline.php(163): App\\Http\\Middleware\\CORS->handle(Object(Illuminate\\Http\\Request), Object(Closure))
#40 F:\\wardha\\Sawangi_Biller_Backend\\vendor\\laravel\\framework\\src\\Illuminate\\Routing\\Pipeline.php(53): Illuminate\\Pipeline\\Pipeline->Illuminate\\Pipeline\\{closure}(Object(Illuminate\\Http\\Request))
#41 F:\\wardha\\Sawangi_Biller_Backend\\vendor\\fideloper\\proxy\\src\\TrustProxies.php(57): Illuminate\\Routing\\Pipeline->Illuminate\\Routing\\{closure}(Object(Illuminate\\Http\\Request))
#42 F:\\wardha\\Sawangi_Biller_Backend\\vendor\\laravel\\framework\\src\\Illuminate\\Pipeline\\Pipeline.php(163): Fideloper\\Proxy\\TrustProxies->handle(Object(Illuminate\\Http\\Request), Object(Closure))
#43 F:\\wardha\\Sawangi_Biller_Backend\\vendor\\laravel\\framework\\src\\Illuminate\\Routing\\Pipeline.php(53): Illuminate\\Pipeline\\Pipeline->Illuminate\\Pipeline\\{closure}(Object(Illuminate\\Http\\Request))
#44 F:\\wardha\\Sawangi_Biller_Backend\\vendor\\laravel\\framework\\src\\Illuminate\\Foundation\\Http\\Middleware\\TransformsRequest.php(21): Illuminate\\Routing\\Pipeline->Illuminate\\Routing\\{closure}(Object(Illuminate\\Http\\Request))
#45 F:\\wardha\\Sawangi_Biller_Backend\\vendor\\laravel\\framework\\src\\Illuminate\\Pipeline\\Pipeline.php(163): Illuminate\\Foundation\\Http\\Middleware\\TransformsRequest->handle(Object(Illuminate\\Http\\Request), Object(Closure))
#46 F:\\wardha\\Sawangi_Biller_Backend\\vendor\\laravel\\framework\\src\\Illuminate\\Routing\\Pipeline.php(53): Illuminate\\Pipeline\\Pipeline->Illuminate\\Pipeline\\{closure}(Object(Illuminate\\Http\\Request))
#47 F:\\wardha\\Sawangi_Biller_Backend\\vendor\\laravel\\framework\\src\\Illuminate\\Foundation\\Http\\Middleware\\TransformsRequest.php(21): Illuminate\\Routing\\Pipeline->Illuminate\\Routing\\{closure}(Object(Illuminate\\Http\\Request))
#48 F:\\wardha\\Sawangi_Biller_Backend\\vendor\\laravel\\framework\\src\\Illuminate\\Pipeline\\Pipeline.php(163): Illuminate\\Foundation\\Http\\Middleware\\TransformsRequest->handle(Object(Illuminate\\Http\\Request), Object(Closure))
#49 F:\\wardha\\Sawangi_Biller_Backend\\vendor\\laravel\\framework\\src\\Illuminate\\Routing\\Pipeline.php(53): Illuminate\\Pipeline\\Pipeline->Illuminate\\Pipeline\\{closure}(Object(Illuminate\\Http\\Request))
#50 F:\\wardha\\Sawangi_Biller_Backend\\vendor\\laravel\\framework\\src\\Illuminate\\Foundation\\Http\\Middleware\\ValidatePostSize.php(27): Illuminate\\Routing\\Pipeline->Illuminate\\Routing\\{closure}(Object(Illuminate\\Http\\Request))
#51 F:\\wardha\\Sawangi_Biller_Backend\\vendor\\laravel\\framework\\src\\Illuminate\\Pipeline\\Pipeline.php(163): Illuminate\\Foundation\\Http\\Middleware\\ValidatePostSize->handle(Object(Illuminate\\Http\\Request), Object(Closure))
#52 F:\\wardha\\Sawangi_Biller_Backend\\vendor\\laravel\\framework\\src\\Illuminate\\Routing\\Pipeline.php(53): Illuminate\\Pipeline\\Pipeline->Illuminate\\Pipeline\\{closure}(Object(Illuminate\\Http\\Request))
#53 F:\\wardha\\Sawangi_Biller_Backend\\vendor\\laravel\\framework\\src\\Illuminate\\Foundation\\Http\\Middleware\\CheckForMaintenanceMode.php(62): Illuminate\\Routing\\Pipeline->Illuminate\\Routing\\{closure}(Object(Illuminate\\Http\\Request))
#54 F:\\wardha\\Sawangi_Biller_Backend\\vendor\\laravel\\framework\\src\\Illuminate\\Pipeline\\Pipeline.php(163): Illuminate\\Foundation\\Http\\Middleware\\CheckForMaintenanceMode->handle(Object(Illuminate\\Http\\Request), Object(Closure))
#55 F:\\wardha\\Sawangi_Biller_Backend\\vendor\\laravel\\framework\\src\\Illuminate\\Routing\\Pipeline.php(53): Illuminate\\Pipeline\\Pipeline->Illuminate\\Pipeline\\{closure}(Object(Illuminate\\Http\\Request))
#56 F:\\wardha\\Sawangi_Biller_Backend\\vendor\\laravel\\framework\\src\\Illuminate\\Pipeline\\Pipeline.php(104): Illuminate\\Routing\\Pipeline->Illuminate\\Routing\\{closure}(Object(Illuminate\\Http\\Request))
#57 F:\\wardha\\Sawangi_Biller_Backend\\vendor\\laravel\\framework\\src\\Illuminate\\Foundation\\Http\\Kernel.php(151): Illuminate\\Pipeline\\Pipeline->then(Object(Closure))
#58 F:\\wardha\\Sawangi_Biller_Backend\\vendor\\laravel\\framework\\src\\Illuminate\\Foundation\\Http\\Kernel.php(116): Illuminate\\Foundation\\Http\\Kernel->sendRequestThroughRouter(Object(Illuminate\\Http\\Request))
#59 F:\\wardha\\Sawangi_Biller_Backend\\public\\index.php(52): Illuminate\\Foundation\\Http\\Kernel->handle(Object(Illuminate\\Http\\Request))
#60 F:\\wardha\\Sawangi_Biller_Backend\\server.php(21): require_once('F:\\\\wardha\\\\Sawan...')
#61 {main}
"} 
